2021-05-22 23:50:25 error: Error: Route.get() requires a callback function but got a [object Undefined]
    at Route.<computed> [as get] (D:\Courses\Project B\ProjectApp\node_modules\express\lib\router\route.js:202:15)
    at Function.app.<computed> [as get] (D:\Courses\Project B\ProjectApp\node_modules\express\lib\application.js:482:19)
    at module.exports (D:\Courses\Project B\ProjectApp\api\startup\routes.js:16:9)
    at Object.<anonymous> (D:\Courses\Project B\ProjectApp\api\app.js:36:1)
    at Module._compile (internal/modules/cjs/loader.js:1063:30)
    at Object.Module._extensions..js (internal/modules/cjs/loader.js:1092:10)
    at Module.load (internal/modules/cjs/loader.js:928:32)
    at Function.Module._load (internal/modules/cjs/loader.js:769:14)
    at Module.require (internal/modules/cjs/loader.js:952:19)
    at require (internal/modules/cjs/helpers.js:88:18)
2021-05-22 23:50:44 error: Error: Route.get() requires a callback function but got a [object Undefined]
    at Route.<computed> [as get] (D:\Courses\Project B\ProjectApp\node_modules\express\lib\router\route.js:202:15)
    at Function.app.<computed> [as get] (D:\Courses\Project B\ProjectApp\node_modules\express\lib\application.js:482:19)
    at module.exports (D:\Courses\Project B\ProjectApp\api\startup\routes.js:16:9)
    at Object.<anonymous> (D:\Courses\Project B\ProjectApp\api\app.js:36:1)
    at Module._compile (internal/modules/cjs/loader.js:1063:30)
    at Object.Module._extensions..js (internal/modules/cjs/loader.js:1092:10)
    at Module.load (internal/modules/cjs/loader.js:928:32)
    at Function.Module._load (internal/modules/cjs/loader.js:769:14)
    at Module.require (internal/modules/cjs/loader.js:952:19)
    at require (internal/modules/cjs/helpers.js:88:18)
2021-05-26 23:47:55 error: TypeError: router.route is not a function
    at Object.<anonymous> (D:\Courses\Project B\ProjectApp\api\app.js:36:8)
    at Module._compile (internal/modules/cjs/loader.js:1063:30)
    at Object.Module._extensions..js (internal/modules/cjs/loader.js:1092:10)
    at Module.load (internal/modules/cjs/loader.js:928:32)
    at Function.Module._load (internal/modules/cjs/loader.js:769:14)
    at Module.require (internal/modules/cjs/loader.js:952:19)
    at require (internal/modules/cjs/helpers.js:88:18)
    at Object.<anonymous> (D:\Courses\Project B\ProjectApp\api\bin\www:7:11)
    at Module._compile (internal/modules/cjs/loader.js:1063:30)
    at Object.Module._extensions..js (internal/modules/cjs/loader.js:1092:10)
2021-08-03 01:43:15 error: Error: Route.get() requires a callback function but got a [object Undefined]
    at Route.<computed> [as get] (D:\Courses\Project B\ProjectApp\api\node_modules\express\lib\router\route.js:202:15)
    at Function.app.<computed> [as get] (D:\Courses\Project B\ProjectApp\api\node_modules\express\lib\application.js:482:19)
    at Object.route (D:\Courses\Project B\ProjectApp\api\startup\routes.js:8:9)
    at Object.<anonymous> (D:\Courses\Project B\ProjectApp\api\app.js:35:8)
    at Module._compile (internal/modules/cjs/loader.js:1063:30)
    at Object.Module._extensions..js (internal/modules/cjs/loader.js:1092:10)
    at Module.load (internal/modules/cjs/loader.js:928:32)
    at Function.Module._load (internal/modules/cjs/loader.js:769:14)
    at Module.require (internal/modules/cjs/loader.js:952:19)
    at require (internal/modules/cjs/helpers.js:88:18)
2021-08-03 01:43:22 error: Error: Route.get() requires a callback function but got a [object Undefined]
    at Route.<computed> [as get] (D:\Courses\Project B\ProjectApp\api\node_modules\express\lib\router\route.js:202:15)
    at Function.app.<computed> [as get] (D:\Courses\Project B\ProjectApp\api\node_modules\express\lib\application.js:482:19)
    at Object.route (D:\Courses\Project B\ProjectApp\api\startup\routes.js:8:9)
    at Object.<anonymous> (D:\Courses\Project B\ProjectApp\api\app.js:35:8)
    at Module._compile (internal/modules/cjs/loader.js:1063:30)
    at Object.Module._extensions..js (internal/modules/cjs/loader.js:1092:10)
    at Module.load (internal/modules/cjs/loader.js:928:32)
    at Function.Module._load (internal/modules/cjs/loader.js:769:14)
    at Module.require (internal/modules/cjs/loader.js:952:19)
    at require (internal/modules/cjs/helpers.js:88:18)
2021-08-03 01:43:27 error: Error: Route.get() requires a callback function but got a [object Undefined]
    at Route.<computed> [as get] (D:\Courses\Project B\ProjectApp\api\node_modules\express\lib\router\route.js:202:15)
    at Function.app.<computed> [as get] (D:\Courses\Project B\ProjectApp\api\node_modules\express\lib\application.js:482:19)
    at Object.route (D:\Courses\Project B\ProjectApp\api\startup\routes.js:8:9)
    at Object.<anonymous> (D:\Courses\Project B\ProjectApp\api\app.js:35:8)
    at Module._compile (internal/modules/cjs/loader.js:1063:30)
    at Object.Module._extensions..js (internal/modules/cjs/loader.js:1092:10)
    at Module.load (internal/modules/cjs/loader.js:928:32)
    at Function.Module._load (internal/modules/cjs/loader.js:769:14)
    at Module.require (internal/modules/cjs/loader.js:952:19)
    at require (internal/modules/cjs/helpers.js:88:18)
2021-08-03 01:43:38 error: Error: Route.get() requires a callback function but got a [object Undefined]
    at Route.<computed> [as get] (D:\Courses\Project B\ProjectApp\api\node_modules\express\lib\router\route.js:202:15)
    at Function.app.<computed> [as get] (D:\Courses\Project B\ProjectApp\api\node_modules\express\lib\application.js:482:19)
    at Object.route (D:\Courses\Project B\ProjectApp\api\startup\routes.js:8:9)
    at Object.<anonymous> (D:\Courses\Project B\ProjectApp\api\app.js:35:8)
    at Module._compile (internal/modules/cjs/loader.js:1063:30)
    at Object.Module._extensions..js (internal/modules/cjs/loader.js:1092:10)
    at Module.load (internal/modules/cjs/loader.js:928:32)
    at Function.Module._load (internal/modules/cjs/loader.js:769:14)
    at Module.require (internal/modules/cjs/loader.js:952:19)
    at require (internal/modules/cjs/helpers.js:88:18)
2021-08-03 01:44:24 error: Error: Route.get() requires a callback function but got a [object Undefined]
    at Route.<computed> [as get] (D:\Courses\Project B\ProjectApp\api\node_modules\express\lib\router\route.js:202:15)
    at Function.app.<computed> [as get] (D:\Courses\Project B\ProjectApp\api\node_modules\express\lib\application.js:482:19)
    at Object.route (D:\Courses\Project B\ProjectApp\api\startup\routes.js:8:9)
    at Object.<anonymous> (D:\Courses\Project B\ProjectApp\api\app.js:35:8)
    at Module._compile (internal/modules/cjs/loader.js:1063:30)
    at Object.Module._extensions..js (internal/modules/cjs/loader.js:1092:10)
    at Module.load (internal/modules/cjs/loader.js:928:32)
    at Function.Module._load (internal/modules/cjs/loader.js:769:14)
    at Module.require (internal/modules/cjs/loader.js:952:19)
    at require (internal/modules/cjs/helpers.js:88:18)
2021-08-03 01:44:25 error: Error: Route.get() requires a callback function but got a [object Undefined]
    at Route.<computed> [as get] (D:\Courses\Project B\ProjectApp\api\node_modules\express\lib\router\route.js:202:15)
    at Function.app.<computed> [as get] (D:\Courses\Project B\ProjectApp\api\node_modules\express\lib\application.js:482:19)
    at Object.route (D:\Courses\Project B\ProjectApp\api\startup\routes.js:8:9)
    at Object.<anonymous> (D:\Courses\Project B\ProjectApp\api\app.js:35:8)
    at Module._compile (internal/modules/cjs/loader.js:1063:30)
    at Object.Module._extensions..js (internal/modules/cjs/loader.js:1092:10)
    at Module.load (internal/modules/cjs/loader.js:928:32)
    at Function.Module._load (internal/modules/cjs/loader.js:769:14)
    at Module.require (internal/modules/cjs/loader.js:952:19)
    at require (internal/modules/cjs/helpers.js:88:18)
2021-08-14 23:01:20 error: Error: Route.get() requires a callback function but got a [object Undefined]
    at Route.<computed> [as get] (D:\Courses\Project B\ProjectApp\api\node_modules\express\lib\router\route.js:202:15)
    at Function.app.<computed> [as get] (D:\Courses\Project B\ProjectApp\api\node_modules\express\lib\application.js:482:19)
    at Object.route (D:\Courses\Project B\ProjectApp\api\startup\routes.js:15:9)
    at Object.<anonymous> (D:\Courses\Project B\ProjectApp\api\app.js:35:8)
    at Module._compile (internal/modules/cjs/loader.js:1063:30)
    at Object.Module._extensions..js (internal/modules/cjs/loader.js:1092:10)
    at Module.load (internal/modules/cjs/loader.js:928:32)
    at Function.Module._load (internal/modules/cjs/loader.js:769:14)
    at Module.require (internal/modules/cjs/loader.js:952:19)
    at require (internal/modules/cjs/helpers.js:88:18)
2021-08-14 23:01:28 error: Error: Route.get() requires a callback function but got a [object Undefined]
    at Route.<computed> [as get] (D:\Courses\Project B\ProjectApp\api\node_modules\express\lib\router\route.js:202:15)
    at Function.app.<computed> [as get] (D:\Courses\Project B\ProjectApp\api\node_modules\express\lib\application.js:482:19)
    at Object.route (D:\Courses\Project B\ProjectApp\api\startup\routes.js:15:9)
    at Object.<anonymous> (D:\Courses\Project B\ProjectApp\api\app.js:35:8)
    at Module._compile (internal/modules/cjs/loader.js:1063:30)
    at Object.Module._extensions..js (internal/modules/cjs/loader.js:1092:10)
    at Module.load (internal/modules/cjs/loader.js:928:32)
    at Function.Module._load (internal/modules/cjs/loader.js:769:14)
    at Module.require (internal/modules/cjs/loader.js:952:19)
    at require (internal/modules/cjs/helpers.js:88:18)
2021-08-14 23:01:55 error: Error: Route.get() requires a callback function but got a [object Undefined]
    at Route.<computed> [as get] (D:\Courses\Project B\ProjectApp\api\node_modules\express\lib\router\route.js:202:15)
    at Function.app.<computed> [as get] (D:\Courses\Project B\ProjectApp\api\node_modules\express\lib\application.js:482:19)
    at Object.route (D:\Courses\Project B\ProjectApp\api\startup\routes.js:15:9)
    at Object.<anonymous> (D:\Courses\Project B\ProjectApp\api\app.js:35:8)
    at Module._compile (internal/modules/cjs/loader.js:1063:30)
    at Object.Module._extensions..js (internal/modules/cjs/loader.js:1092:10)
    at Module.load (internal/modules/cjs/loader.js:928:32)
    at Function.Module._load (internal/modules/cjs/loader.js:769:14)
    at Module.require (internal/modules/cjs/loader.js:952:19)
    at require (internal/modules/cjs/helpers.js:88:18)
2021-08-14 23:02:53 error: Error: Route.get() requires a callback function but got a [object Undefined]
    at Route.<computed> [as get] (D:\Courses\Project B\ProjectApp\api\node_modules\express\lib\router\route.js:202:15)
    at Function.app.<computed> [as get] (D:\Courses\Project B\ProjectApp\api\node_modules\express\lib\application.js:482:19)
    at Object.route (D:\Courses\Project B\ProjectApp\api\startup\routes.js:15:9)
    at Object.<anonymous> (D:\Courses\Project B\ProjectApp\api\app.js:35:8)
    at Module._compile (internal/modules/cjs/loader.js:1063:30)
    at Object.Module._extensions..js (internal/modules/cjs/loader.js:1092:10)
    at Module.load (internal/modules/cjs/loader.js:928:32)
    at Function.Module._load (internal/modules/cjs/loader.js:769:14)
    at Module.require (internal/modules/cjs/loader.js:952:19)
    at require (internal/modules/cjs/helpers.js:88:18)
2021-08-14 23:03:07 error: Error: Route.get() requires a callback function but got a [object Undefined]
    at Route.<computed> [as get] (D:\Courses\Project B\ProjectApp\api\node_modules\express\lib\router\route.js:202:15)
    at Function.app.<computed> [as get] (D:\Courses\Project B\ProjectApp\api\node_modules\express\lib\application.js:482:19)
    at Object.route (D:\Courses\Project B\ProjectApp\api\startup\routes.js:15:9)
    at Object.<anonymous> (D:\Courses\Project B\ProjectApp\api\app.js:35:8)
    at Module._compile (internal/modules/cjs/loader.js:1063:30)
    at Object.Module._extensions..js (internal/modules/cjs/loader.js:1092:10)
    at Module.load (internal/modules/cjs/loader.js:928:32)
    at Function.Module._load (internal/modules/cjs/loader.js:769:14)
    at Module.require (internal/modules/cjs/loader.js:952:19)
    at require (internal/modules/cjs/helpers.js:88:18)
2021-08-14 23:03:08 error: Error: Route.get() requires a callback function but got a [object Undefined]
    at Route.<computed> [as get] (D:\Courses\Project B\ProjectApp\api\node_modules\express\lib\router\route.js:202:15)
    at Function.app.<computed> [as get] (D:\Courses\Project B\ProjectApp\api\node_modules\express\lib\application.js:482:19)
    at Object.route (D:\Courses\Project B\ProjectApp\api\startup\routes.js:15:9)
    at Object.<anonymous> (D:\Courses\Project B\ProjectApp\api\app.js:35:8)
    at Module._compile (internal/modules/cjs/loader.js:1063:30)
    at Object.Module._extensions..js (internal/modules/cjs/loader.js:1092:10)
    at Module.load (internal/modules/cjs/loader.js:928:32)
    at Function.Module._load (internal/modules/cjs/loader.js:769:14)
    at Module.require (internal/modules/cjs/loader.js:952:19)
    at require (internal/modules/cjs/helpers.js:88:18)
2021-08-14 23:03:18 error: Error: Route.get() requires a callback function but got a [object Undefined]
    at Route.<computed> [as get] (D:\Courses\Project B\ProjectApp\api\node_modules\express\lib\router\route.js:202:15)
    at Function.app.<computed> [as get] (D:\Courses\Project B\ProjectApp\api\node_modules\express\lib\application.js:482:19)
    at Object.route (D:\Courses\Project B\ProjectApp\api\startup\routes.js:15:9)
    at Object.<anonymous> (D:\Courses\Project B\ProjectApp\api\app.js:35:8)
    at Module._compile (internal/modules/cjs/loader.js:1063:30)
    at Object.Module._extensions..js (internal/modules/cjs/loader.js:1092:10)
    at Module.load (internal/modules/cjs/loader.js:928:32)
    at Function.Module._load (internal/modules/cjs/loader.js:769:14)
    at Module.require (internal/modules/cjs/loader.js:952:19)
    at require (internal/modules/cjs/helpers.js:88:18)
2021-08-14 23:03:26 error: Error: Route.get() requires a callback function but got a [object Undefined]
    at Route.<computed> [as get] (D:\Courses\Project B\ProjectApp\api\node_modules\express\lib\router\route.js:202:15)
    at Function.app.<computed> [as get] (D:\Courses\Project B\ProjectApp\api\node_modules\express\lib\application.js:482:19)
    at Object.route (D:\Courses\Project B\ProjectApp\api\startup\routes.js:15:9)
    at Object.<anonymous> (D:\Courses\Project B\ProjectApp\api\app.js:35:8)
    at Module._compile (internal/modules/cjs/loader.js:1063:30)
    at Object.Module._extensions..js (internal/modules/cjs/loader.js:1092:10)
    at Module.load (internal/modules/cjs/loader.js:928:32)
    at Function.Module._load (internal/modules/cjs/loader.js:769:14)
    at Module.require (internal/modules/cjs/loader.js:952:19)
    at require (internal/modules/cjs/helpers.js:88:18)
2021-08-15 00:13:50 error: Error: Route.get() requires a callback function but got a [object Undefined]
    at Route.<computed> [as get] (D:\Courses\Project B\ProjectApp\api\node_modules\express\lib\router\route.js:202:15)
    at Function.app.<computed> [as get] (D:\Courses\Project B\ProjectApp\api\node_modules\express\lib\application.js:482:19)
    at Object.route (D:\Courses\Project B\ProjectApp\api\startup\routes.js:16:9)
    at Object.<anonymous> (D:\Courses\Project B\ProjectApp\api\app.js:35:8)
    at Module._compile (internal/modules/cjs/loader.js:1063:30)
    at Object.Module._extensions..js (internal/modules/cjs/loader.js:1092:10)
    at Module.load (internal/modules/cjs/loader.js:928:32)
    at Function.Module._load (internal/modules/cjs/loader.js:769:14)
    at Module.require (internal/modules/cjs/loader.js:952:19)
    at require (internal/modules/cjs/helpers.js:88:18)
2021-08-15 03:37:45 error: Error: Route.get() requires a callback function but got a [object Undefined]
    at Route.<computed> [as get] (D:\Courses\Project B\ProjectApp\api\node_modules\express\lib\router\route.js:202:15)
    at Function.app.<computed> [as get] (D:\Courses\Project B\ProjectApp\api\node_modules\express\lib\application.js:482:19)
    at Object.route (D:\Courses\Project B\ProjectApp\api\startup\routes.js:13:9)
    at Object.<anonymous> (D:\Courses\Project B\ProjectApp\api\app.js:35:8)
    at Module._compile (internal/modules/cjs/loader.js:1063:30)
    at Object.Module._extensions..js (internal/modules/cjs/loader.js:1092:10)
    at Module.load (internal/modules/cjs/loader.js:928:32)
    at Function.Module._load (internal/modules/cjs/loader.js:769:14)
    at Module.require (internal/modules/cjs/loader.js:952:19)
    at require (internal/modules/cjs/helpers.js:88:18)
2021-08-15 03:37:51 error: Error: Route.get() requires a callback function but got a [object Undefined]
    at Route.<computed> [as get] (D:\Courses\Project B\ProjectApp\api\node_modules\express\lib\router\route.js:202:15)
    at Function.app.<computed> [as get] (D:\Courses\Project B\ProjectApp\api\node_modules\express\lib\application.js:482:19)
    at Object.route (D:\Courses\Project B\ProjectApp\api\startup\routes.js:13:9)
    at Object.<anonymous> (D:\Courses\Project B\ProjectApp\api\app.js:35:8)
    at Module._compile (internal/modules/cjs/loader.js:1063:30)
    at Object.Module._extensions..js (internal/modules/cjs/loader.js:1092:10)
    at Module.load (internal/modules/cjs/loader.js:928:32)
    at Function.Module._load (internal/modules/cjs/loader.js:769:14)
    at Module.require (internal/modules/cjs/loader.js:952:19)
    at require (internal/modules/cjs/helpers.js:88:18)
